<?xml version="1.0" encoding="UTF-8" ?>
<testsuite tests="6" failures="0" name="runner.TestRunner" time="0.065" errors="2" skipped="4">
  <properties>
[...]
</properties>
  <testcase classname="Scenario: Validate User is on facebook login page." name="Given User is on login page" time="0.01">
    <error message="The driver executable does not exist: C:\Users\Dyanda\Desktop\Ashwini\chromedriver.exe" type="java.lang.IllegalStateException">java.lang.IllegalStateException: The driver executable does not exist: C:\Users\Dyanda\Desktop\Ashwini\chromedriver.exe
	at com.google.common.base.Preconditions.checkState(Preconditions.java:585)
	at org.openqa.selenium.remote.service.DriverService.checkExecutable(DriverService.java:146)
	at org.openqa.selenium.remote.service.DriverService.findExecutable(DriverService.java:141)
	at org.openqa.selenium.chrome.ChromeDriverService.access$000(ChromeDriverService.java:35)
	at org.openqa.selenium.chrome.ChromeDriverService$Builder.findDefaultExecutable(ChromeDriverService.java:159)
	at org.openqa.selenium.remote.service.DriverService$Builder.build(DriverService.java:355)
	at org.openqa.selenium.chrome.ChromeDriverService.createDefaultService(ChromeDriverService.java:94)
	at org.openqa.selenium.chrome.ChromeDriver.&lt;init&gt;(ChromeDriver.java:123)
	at stepDefinitions.End2End_Test.user_is_on_login_page(End2End_Test.java:26)
	at ✽.Given User is on login page(Sample.feature:5)
</error>
  </testcase>
  <testcase classname="Scenario: Validate User is on facebook login page." name="Scenario: Validate User is on facebook login page." time="0.011">
    <error message="The driver executable does not exist: C:\Users\Dyanda\Desktop\Ashwini\chromedriver.exe" type="java.lang.IllegalStateException">java.lang.IllegalStateException: The driver executable does not exist: C:\Users\Dyanda\Desktop\Ashwini\chromedriver.exe
	at com.google.common.base.Preconditions.checkState(Preconditions.java:585)
	at org.openqa.selenium.remote.service.DriverService.checkExecutable(DriverService.java:146)
	at org.openqa.selenium.remote.service.DriverService.findExecutable(DriverService.java:141)
	at org.openqa.selenium.chrome.ChromeDriverService.access$000(ChromeDriverService.java:35)
	at org.openqa.selenium.chrome.ChromeDriverService$Builder.findDefaultExecutable(ChromeDriverService.java:159)
	at org.openqa.selenium.remote.service.DriverService$Builder.build(DriverService.java:355)
	at org.openqa.selenium.chrome.ChromeDriverService.createDefaultService(ChromeDriverService.java:94)
	at org.openqa.selenium.chrome.ChromeDriver.&lt;init&gt;(ChromeDriver.java:123)
	at stepDefinitions.End2End_Test.user_is_on_login_page(End2End_Test.java:26)
	at ✽.Given User is on login page(Sample.feature:5)
</error>
  </testcase>
  <testcase classname="Scenario: Validate User is on facebook login page." name="When User enters &quot;Invalid User&quot; as UserName" time="0.011">
    <skipped/>
  </testcase>
  <testcase classname="Scenario: Validate User is on facebook login page." name="And User enters &quot;Invalid Password&quot; as Password" time="0.011">
    <skipped/>
  </testcase>
  <testcase classname="Scenario: Validate User is on facebook login page." name="And User clicks on LoginButton" time="0.011">
    <skipped/>
  </testcase>
  <testcase classname="Scenario: Validate User is on facebook login page." name="Then User navigates to &quot;https://www.facebook.com/login/device-based/regular/login/?login_attempt=1&amp;lwv=110&quot;" time="0.011">
    <skipped/>
  </testcase>
</testsuite>